<?xml version="1.0" encoding="UTF-8"?>
<testsuite xmlns:xsi="http://www.w3.org/2001/XMLSchema-instance" xsi:noNamespaceSchemaLocation="https://maven.apache.org/surefire/maven-surefire-plugin/xsd/surefire-test-report.xsd" version="3.0.2" name="com.example.xkcdfetcher.XkcdControllerTest" time="2.492" tests="1" errors="0" skipped="0" failures="0">
  <properties>
    <property name="java.specification.version" value="21"/>
    <property name="sun.cpu.isalist" value="amd64"/>
    <property name="sun.jnu.encoding" value="Cp1252"/>
    <property name="java.class.path" value="E:\Myggiz\Development\Windsurf\xkcd-fetcher\target\test-classes;E:\Myggiz\Development\Windsurf\xkcd-fetcher\target\classes;C:\Users\rober\.m2\repository\org\springframework\boot\spring-boot-starter-webflux\3.5.0\spring-boot-starter-webflux-3.5.0.jar;C:\Users\rober\.m2\repository\org\springframework\boot\spring-boot-starter\3.5.0\spring-boot-starter-3.5.0.jar;C:\Users\rober\.m2\repository\org\springframework\boot\spring-boot\3.5.0\spring-boot-3.5.0.jar;C:\Users\rober\.m2\repository\org\springframework\spring-context\6.2.7\spring-context-6.2.7.jar;C:\Users\rober\.m2\repository\org\springframework\spring-aop\6.2.7\spring-aop-6.2.7.jar;C:\Users\rober\.m2\repository\org\springframework\spring-expression\6.2.7\spring-expression-6.2.7.jar;C:\Users\rober\.m2\repository\org\springframework\boot\spring-boot-autoconfigure\3.5.0\spring-boot-autoconfigure-3.5.0.jar;C:\Users\rober\.m2\repository\org\springframework\boot\spring-boot-starter-logging\3.5.0\spring-boot-starter-logging-3.5.0.jar;C:\Users\rober\.m2\repository\ch\qos\logback\logback-classic\1.5.18\logback-classic-1.5.18.jar;C:\Users\rober\.m2\repository\ch\qos\logback\logback-core\1.5.18\logback-core-1.5.18.jar;C:\Users\rober\.m2\repository\org\apache\logging\log4j\log4j-to-slf4j\2.24.3\log4j-to-slf4j-2.24.3.jar;C:\Users\rober\.m2\repository\org\apache\logging\log4j\log4j-api\2.24.3\log4j-api-2.24.3.jar;C:\Users\rober\.m2\repository\org\slf4j\jul-to-slf4j\2.0.17\jul-to-slf4j-2.0.17.jar;C:\Users\rober\.m2\repository\jakarta\annotation\jakarta.annotation-api\2.1.1\jakarta.annotation-api-2.1.1.jar;C:\Users\rober\.m2\repository\org\yaml\snakeyaml\2.4\snakeyaml-2.4.jar;C:\Users\rober\.m2\repository\org\springframework\boot\spring-boot-starter-json\3.5.0\spring-boot-starter-json-3.5.0.jar;C:\Users\rober\.m2\repository\com\fasterxml\jackson\core\jackson-databind\2.19.0\jackson-databind-2.19.0.jar;C:\Users\rober\.m2\repository\com\fasterxml\jackson\core\jackson-annotations\2.19.0\jackson-annotations-2.19.0.jar;C:\Users\rober\.m2\repository\com\fasterxml\jackson\core\jackson-core\2.19.0\jackson-core-2.19.0.jar;C:\Users\rober\.m2\repository\com\fasterxml\jackson\datatype\jackson-datatype-jdk8\2.19.0\jackson-datatype-jdk8-2.19.0.jar;C:\Users\rober\.m2\repository\com\fasterxml\jackson\datatype\jackson-datatype-jsr310\2.19.0\jackson-datatype-jsr310-2.19.0.jar;C:\Users\rober\.m2\repository\com\fasterxml\jackson\module\jackson-module-parameter-names\2.19.0\jackson-module-parameter-names-2.19.0.jar;C:\Users\rober\.m2\repository\org\springframework\boot\spring-boot-starter-reactor-netty\3.5.0\spring-boot-starter-reactor-netty-3.5.0.jar;C:\Users\rober\.m2\repository\io\projectreactor\netty\reactor-netty-http\1.2.6\reactor-netty-http-1.2.6.jar;C:\Users\rober\.m2\repository\io\netty\netty-codec-http\4.1.121.Final\netty-codec-http-4.1.121.Final.jar;C:\Users\rober\.m2\repository\io\netty\netty-common\4.1.121.Final\netty-common-4.1.121.Final.jar;C:\Users\rober\.m2\repository\io\netty\netty-buffer\4.1.121.Final\netty-buffer-4.1.121.Final.jar;C:\Users\rober\.m2\repository\io\netty\netty-transport\4.1.121.Final\netty-transport-4.1.121.Final.jar;C:\Users\rober\.m2\repository\io\netty\netty-codec\4.1.121.Final\netty-codec-4.1.121.Final.jar;C:\Users\rober\.m2\repository\io\netty\netty-handler\4.1.121.Final\netty-handler-4.1.121.Final.jar;C:\Users\rober\.m2\repository\io\netty\netty-codec-http2\4.1.121.Final\netty-codec-http2-4.1.121.Final.jar;C:\Users\rober\.m2\repository\io\netty\netty-resolver-dns\4.1.121.Final\netty-resolver-dns-4.1.121.Final.jar;C:\Users\rober\.m2\repository\io\netty\netty-resolver\4.1.121.Final\netty-resolver-4.1.121.Final.jar;C:\Users\rober\.m2\repository\io\netty\netty-codec-dns\4.1.121.Final\netty-codec-dns-4.1.121.Final.jar;C:\Users\rober\.m2\repository\io\netty\netty-resolver-dns-native-macos\4.1.121.Final\netty-resolver-dns-native-macos-4.1.121.Final-osx-x86_64.jar;C:\Users\rober\.m2\repository\io\netty\netty-resolver-dns-classes-macos\4.1.121.Final\netty-resolver-dns-classes-macos-4.1.121.Final.jar;C:\Users\rober\.m2\repository\io\netty\netty-transport-native-epoll\4.1.121.Final\netty-transport-native-epoll-4.1.121.Final-linux-x86_64.jar;C:\Users\rober\.m2\repository\io\netty\netty-transport-native-unix-common\4.1.121.Final\netty-transport-native-unix-common-4.1.121.Final.jar;C:\Users\rober\.m2\repository\io\netty\netty-transport-classes-epoll\4.1.121.Final\netty-transport-classes-epoll-4.1.121.Final.jar;C:\Users\rober\.m2\repository\io\projectreactor\netty\reactor-netty-core\1.2.6\reactor-netty-core-1.2.6.jar;C:\Users\rober\.m2\repository\io\netty\netty-handler-proxy\4.1.121.Final\netty-handler-proxy-4.1.121.Final.jar;C:\Users\rober\.m2\repository\io\netty\netty-codec-socks\4.1.121.Final\netty-codec-socks-4.1.121.Final.jar;C:\Users\rober\.m2\repository\org\springframework\spring-web\6.2.7\spring-web-6.2.7.jar;C:\Users\rober\.m2\repository\org\springframework\spring-beans\6.2.7\spring-beans-6.2.7.jar;C:\Users\rober\.m2\repository\io\micrometer\micrometer-observation\1.15.0\micrometer-observation-1.15.0.jar;C:\Users\rober\.m2\repository\io\micrometer\micrometer-commons\1.15.0\micrometer-commons-1.15.0.jar;C:\Users\rober\.m2\repository\org\springframework\spring-webflux\6.2.7\spring-webflux-6.2.7.jar;C:\Users\rober\.m2\repository\org\projectlombok\lombok\1.18.38\lombok-1.18.38.jar;C:\Users\rober\.m2\repository\com\github\ben-manes\caffeine\caffeine\3.2.0\caffeine-3.2.0.jar;C:\Users\rober\.m2\repository\org\jspecify\jspecify\1.0.0\jspecify-1.0.0.jar;C:\Users\rober\.m2\repository\com\google\errorprone\error_prone_annotations\2.36.0\error_prone_annotations-2.36.0.jar;C:\Users\rober\.m2\repository\com\github\vladimir-bukhtoyarov\bucket4j-core\7.6.0\bucket4j-core-7.6.0.jar;C:\Users\rober\.m2\repository\com\github\vladimir-bukhtoyarov\bucket4j-jcache\7.6.0\bucket4j-jcache-7.6.0.jar;C:\Users\rober\.m2\repository\org\springframework\boot\spring-boot-starter-test\3.5.0\spring-boot-starter-test-3.5.0.jar;C:\Users\rober\.m2\repository\org\springframework\boot\spring-boot-test\3.5.0\spring-boot-test-3.5.0.jar;C:\Users\rober\.m2\repository\org\springframework\boot\spring-boot-test-autoconfigure\3.5.0\spring-boot-test-autoconfigure-3.5.0.jar;C:\Users\rober\.m2\repository\com\jayway\jsonpath\json-path\2.9.0\json-path-2.9.0.jar;C:\Users\rober\.m2\repository\org\slf4j\slf4j-api\2.0.17\slf4j-api-2.0.17.jar;C:\Users\rober\.m2\repository\jakarta\xml\bind\jakarta.xml.bind-api\4.0.2\jakarta.xml.bind-api-4.0.2.jar;C:\Users\rober\.m2\repository\jakarta\activation\jakarta.activation-api\2.1.3\jakarta.activation-api-2.1.3.jar;C:\Users\rober\.m2\repository\net\minidev\json-smart\2.5.2\json-smart-2.5.2.jar;C:\Users\rober\.m2\repository\net\minidev\accessors-smart\2.5.2\accessors-smart-2.5.2.jar;C:\Users\rober\.m2\repository\org\ow2\asm\asm\9.7.1\asm-9.7.1.jar;C:\Users\rober\.m2\repository\org\assertj\assertj-core\3.27.3\assertj-core-3.27.3.jar;C:\Users\rober\.m2\repository\net\bytebuddy\byte-buddy\1.17.5\byte-buddy-1.17.5.jar;C:\Users\rober\.m2\repository\org\awaitility\awaitility\4.3.0\awaitility-4.3.0.jar;C:\Users\rober\.m2\repository\org\hamcrest\hamcrest\3.0\hamcrest-3.0.jar;C:\Users\rober\.m2\repository\org\junit\jupiter\junit-jupiter\5.12.2\junit-jupiter-5.12.2.jar;C:\Users\rober\.m2\repository\org\junit\jupiter\junit-jupiter-api\5.12.2\junit-jupiter-api-5.12.2.jar;C:\Users\rober\.m2\repository\org\opentest4j\opentest4j\1.3.0\opentest4j-1.3.0.jar;C:\Users\rober\.m2\repository\org\junit\platform\junit-platform-commons\1.12.2\junit-platform-commons-1.12.2.jar;C:\Users\rober\.m2\repository\org\apiguardian\apiguardian-api\1.1.2\apiguardian-api-1.1.2.jar;C:\Users\rober\.m2\repository\org\junit\jupiter\junit-jupiter-params\5.12.2\junit-jupiter-params-5.12.2.jar;C:\Users\rober\.m2\repository\org\junit\jupiter\junit-jupiter-engine\5.12.2\junit-jupiter-engine-5.12.2.jar;C:\Users\rober\.m2\repository\org\junit\platform\junit-platform-engine\1.12.2\junit-platform-engine-1.12.2.jar;C:\Users\rober\.m2\repository\org\mockito\mockito-core\5.17.0\mockito-core-5.17.0.jar;C:\Users\rober\.m2\repository\net\bytebuddy\byte-buddy-agent\1.17.5\byte-buddy-agent-1.17.5.jar;C:\Users\rober\.m2\repository\org\objenesis\objenesis\3.3\objenesis-3.3.jar;C:\Users\rober\.m2\repository\org\mockito\mockito-junit-jupiter\5.17.0\mockito-junit-jupiter-5.17.0.jar;C:\Users\rober\.m2\repository\org\skyscreamer\jsonassert\1.5.3\jsonassert-1.5.3.jar;C:\Users\rober\.m2\repository\com\vaadin\external\google\android-json\0.0.20131108.vaadin1\android-json-0.0.20131108.vaadin1.jar;C:\Users\rober\.m2\repository\org\springframework\spring-core\6.2.7\spring-core-6.2.7.jar;C:\Users\rober\.m2\repository\org\springframework\spring-jcl\6.2.7\spring-jcl-6.2.7.jar;C:\Users\rober\.m2\repository\org\springframework\spring-test\6.2.7\spring-test-6.2.7.jar;C:\Users\rober\.m2\repository\org\xmlunit\xmlunit-core\2.10.1\xmlunit-core-2.10.1.jar;C:\Users\rober\.m2\repository\io\projectreactor\reactor-test\3.7.6\reactor-test-3.7.6.jar;C:\Users\rober\.m2\repository\io\projectreactor\reactor-core\3.7.6\reactor-core-3.7.6.jar;C:\Users\rober\.m2\repository\org\reactivestreams\reactive-streams\1.0.4\reactive-streams-1.0.4.jar;"/>
    <property name="java.vm.vendor" value="Eclipse Adoptium"/>
    <property name="sun.arch.data.model" value="64"/>
    <property name="user.variant" value=""/>
    <property name="java.vendor.url" value="https://adoptium.net/"/>
    <property name="user.timezone" value="Europe/Berlin"/>
    <property name="os.name" value="Windows 11"/>
    <property name="java.vm.specification.version" value="21"/>
    <property name="sun.java.launcher" value="SUN_STANDARD"/>
    <property name="user.country" value="GB"/>
    <property name="sun.boot.library.path" value="C:\Users\rober\AppData\Roaming\Windsurf\User\globalStorage\pleiades.java-extension-pack-jdk\java\21\bin"/>
    <property name="sun.java.command" value="C:\Users\rober\AppData\Local\Temp\surefire1095829919711300475\surefirebooter-20250603220914235_3.jar C:\Users\rober\AppData\Local\Temp\surefire1095829919711300475 2025-06-03T22-09-14_101-jvmRun1 surefire-20250603220914235_1tmp surefire_0-20250603220914235_2tmp"/>
    <property name="jdk.debug" value="release"/>
    <property name="surefire.test.class.path" value="E:\Myggiz\Development\Windsurf\xkcd-fetcher\target\test-classes;E:\Myggiz\Development\Windsurf\xkcd-fetcher\target\classes;C:\Users\rober\.m2\repository\org\springframework\boot\spring-boot-starter-webflux\3.5.0\spring-boot-starter-webflux-3.5.0.jar;C:\Users\rober\.m2\repository\org\springframework\boot\spring-boot-starter\3.5.0\spring-boot-starter-3.5.0.jar;C:\Users\rober\.m2\repository\org\springframework\boot\spring-boot\3.5.0\spring-boot-3.5.0.jar;C:\Users\rober\.m2\repository\org\springframework\spring-context\6.2.7\spring-context-6.2.7.jar;C:\Users\rober\.m2\repository\org\springframework\spring-aop\6.2.7\spring-aop-6.2.7.jar;C:\Users\rober\.m2\repository\org\springframework\spring-expression\6.2.7\spring-expression-6.2.7.jar;C:\Users\rober\.m2\repository\org\springframework\boot\spring-boot-autoconfigure\3.5.0\spring-boot-autoconfigure-3.5.0.jar;C:\Users\rober\.m2\repository\org\springframework\boot\spring-boot-starter-logging\3.5.0\spring-boot-starter-logging-3.5.0.jar;C:\Users\rober\.m2\repository\ch\qos\logback\logback-classic\1.5.18\logback-classic-1.5.18.jar;C:\Users\rober\.m2\repository\ch\qos\logback\logback-core\1.5.18\logback-core-1.5.18.jar;C:\Users\rober\.m2\repository\org\apache\logging\log4j\log4j-to-slf4j\2.24.3\log4j-to-slf4j-2.24.3.jar;C:\Users\rober\.m2\repository\org\apache\logging\log4j\log4j-api\2.24.3\log4j-api-2.24.3.jar;C:\Users\rober\.m2\repository\org\slf4j\jul-to-slf4j\2.0.17\jul-to-slf4j-2.0.17.jar;C:\Users\rober\.m2\repository\jakarta\annotation\jakarta.annotation-api\2.1.1\jakarta.annotation-api-2.1.1.jar;C:\Users\rober\.m2\repository\org\yaml\snakeyaml\2.4\snakeyaml-2.4.jar;C:\Users\rober\.m2\repository\org\springframework\boot\spring-boot-starter-json\3.5.0\spring-boot-starter-json-3.5.0.jar;C:\Users\rober\.m2\repository\com\fasterxml\jackson\core\jackson-databind\2.19.0\jackson-databind-2.19.0.jar;C:\Users\rober\.m2\repository\com\fasterxml\jackson\core\jackson-annotations\2.19.0\jackson-annotations-2.19.0.jar;C:\Users\rober\.m2\repository\com\fasterxml\jackson\core\jackson-core\2.19.0\jackson-core-2.19.0.jar;C:\Users\rober\.m2\repository\com\fasterxml\jackson\datatype\jackson-datatype-jdk8\2.19.0\jackson-datatype-jdk8-2.19.0.jar;C:\Users\rober\.m2\repository\com\fasterxml\jackson\datatype\jackson-datatype-jsr310\2.19.0\jackson-datatype-jsr310-2.19.0.jar;C:\Users\rober\.m2\repository\com\fasterxml\jackson\module\jackson-module-parameter-names\2.19.0\jackson-module-parameter-names-2.19.0.jar;C:\Users\rober\.m2\repository\org\springframework\boot\spring-boot-starter-reactor-netty\3.5.0\spring-boot-starter-reactor-netty-3.5.0.jar;C:\Users\rober\.m2\repository\io\projectreactor\netty\reactor-netty-http\1.2.6\reactor-netty-http-1.2.6.jar;C:\Users\rober\.m2\repository\io\netty\netty-codec-http\4.1.121.Final\netty-codec-http-4.1.121.Final.jar;C:\Users\rober\.m2\repository\io\netty\netty-common\4.1.121.Final\netty-common-4.1.121.Final.jar;C:\Users\rober\.m2\repository\io\netty\netty-buffer\4.1.121.Final\netty-buffer-4.1.121.Final.jar;C:\Users\rober\.m2\repository\io\netty\netty-transport\4.1.121.Final\netty-transport-4.1.121.Final.jar;C:\Users\rober\.m2\repository\io\netty\netty-codec\4.1.121.Final\netty-codec-4.1.121.Final.jar;C:\Users\rober\.m2\repository\io\netty\netty-handler\4.1.121.Final\netty-handler-4.1.121.Final.jar;C:\Users\rober\.m2\repository\io\netty\netty-codec-http2\4.1.121.Final\netty-codec-http2-4.1.121.Final.jar;C:\Users\rober\.m2\repository\io\netty\netty-resolver-dns\4.1.121.Final\netty-resolver-dns-4.1.121.Final.jar;C:\Users\rober\.m2\repository\io\netty\netty-resolver\4.1.121.Final\netty-resolver-4.1.121.Final.jar;C:\Users\rober\.m2\repository\io\netty\netty-codec-dns\4.1.121.Final\netty-codec-dns-4.1.121.Final.jar;C:\Users\rober\.m2\repository\io\netty\netty-resolver-dns-native-macos\4.1.121.Final\netty-resolver-dns-native-macos-4.1.121.Final-osx-x86_64.jar;C:\Users\rober\.m2\repository\io\netty\netty-resolver-dns-classes-macos\4.1.121.Final\netty-resolver-dns-classes-macos-4.1.121.Final.jar;C:\Users\rober\.m2\repository\io\netty\netty-transport-native-epoll\4.1.121.Final\netty-transport-native-epoll-4.1.121.Final-linux-x86_64.jar;C:\Users\rober\.m2\repository\io\netty\netty-transport-native-unix-common\4.1.121.Final\netty-transport-native-unix-common-4.1.121.Final.jar;C:\Users\rober\.m2\repository\io\netty\netty-transport-classes-epoll\4.1.121.Final\netty-transport-classes-epoll-4.1.121.Final.jar;C:\Users\rober\.m2\repository\io\projectreactor\netty\reactor-netty-core\1.2.6\reactor-netty-core-1.2.6.jar;C:\Users\rober\.m2\repository\io\netty\netty-handler-proxy\4.1.121.Final\netty-handler-proxy-4.1.121.Final.jar;C:\Users\rober\.m2\repository\io\netty\netty-codec-socks\4.1.121.Final\netty-codec-socks-4.1.121.Final.jar;C:\Users\rober\.m2\repository\org\springframework\spring-web\6.2.7\spring-web-6.2.7.jar;C:\Users\rober\.m2\repository\org\springframework\spring-beans\6.2.7\spring-beans-6.2.7.jar;C:\Users\rober\.m2\repository\io\micrometer\micrometer-observation\1.15.0\micrometer-observation-1.15.0.jar;C:\Users\rober\.m2\repository\io\micrometer\micrometer-commons\1.15.0\micrometer-commons-1.15.0.jar;C:\Users\rober\.m2\repository\org\springframework\spring-webflux\6.2.7\spring-webflux-6.2.7.jar;C:\Users\rober\.m2\repository\org\projectlombok\lombok\1.18.38\lombok-1.18.38.jar;C:\Users\rober\.m2\repository\com\github\ben-manes\caffeine\caffeine\3.2.0\caffeine-3.2.0.jar;C:\Users\rober\.m2\repository\org\jspecify\jspecify\1.0.0\jspecify-1.0.0.jar;C:\Users\rober\.m2\repository\com\google\errorprone\error_prone_annotations\2.36.0\error_prone_annotations-2.36.0.jar;C:\Users\rober\.m2\repository\com\github\vladimir-bukhtoyarov\bucket4j-core\7.6.0\bucket4j-core-7.6.0.jar;C:\Users\rober\.m2\repository\com\github\vladimir-bukhtoyarov\bucket4j-jcache\7.6.0\bucket4j-jcache-7.6.0.jar;C:\Users\rober\.m2\repository\org\springframework\boot\spring-boot-starter-test\3.5.0\spring-boot-starter-test-3.5.0.jar;C:\Users\rober\.m2\repository\org\springframework\boot\spring-boot-test\3.5.0\spring-boot-test-3.5.0.jar;C:\Users\rober\.m2\repository\org\springframework\boot\spring-boot-test-autoconfigure\3.5.0\spring-boot-test-autoconfigure-3.5.0.jar;C:\Users\rober\.m2\repository\com\jayway\jsonpath\json-path\2.9.0\json-path-2.9.0.jar;C:\Users\rober\.m2\repository\org\slf4j\slf4j-api\2.0.17\slf4j-api-2.0.17.jar;C:\Users\rober\.m2\repository\jakarta\xml\bind\jakarta.xml.bind-api\4.0.2\jakarta.xml.bind-api-4.0.2.jar;C:\Users\rober\.m2\repository\jakarta\activation\jakarta.activation-api\2.1.3\jakarta.activation-api-2.1.3.jar;C:\Users\rober\.m2\repository\net\minidev\json-smart\2.5.2\json-smart-2.5.2.jar;C:\Users\rober\.m2\repository\net\minidev\accessors-smart\2.5.2\accessors-smart-2.5.2.jar;C:\Users\rober\.m2\repository\org\ow2\asm\asm\9.7.1\asm-9.7.1.jar;C:\Users\rober\.m2\repository\org\assertj\assertj-core\3.27.3\assertj-core-3.27.3.jar;C:\Users\rober\.m2\repository\net\bytebuddy\byte-buddy\1.17.5\byte-buddy-1.17.5.jar;C:\Users\rober\.m2\repository\org\awaitility\awaitility\4.3.0\awaitility-4.3.0.jar;C:\Users\rober\.m2\repository\org\hamcrest\hamcrest\3.0\hamcrest-3.0.jar;C:\Users\rober\.m2\repository\org\junit\jupiter\junit-jupiter\5.12.2\junit-jupiter-5.12.2.jar;C:\Users\rober\.m2\repository\org\junit\jupiter\junit-jupiter-api\5.12.2\junit-jupiter-api-5.12.2.jar;C:\Users\rober\.m2\repository\org\opentest4j\opentest4j\1.3.0\opentest4j-1.3.0.jar;C:\Users\rober\.m2\repository\org\junit\platform\junit-platform-commons\1.12.2\junit-platform-commons-1.12.2.jar;C:\Users\rober\.m2\repository\org\apiguardian\apiguardian-api\1.1.2\apiguardian-api-1.1.2.jar;C:\Users\rober\.m2\repository\org\junit\jupiter\junit-jupiter-params\5.12.2\junit-jupiter-params-5.12.2.jar;C:\Users\rober\.m2\repository\org\junit\jupiter\junit-jupiter-engine\5.12.2\junit-jupiter-engine-5.12.2.jar;C:\Users\rober\.m2\repository\org\junit\platform\junit-platform-engine\1.12.2\junit-platform-engine-1.12.2.jar;C:\Users\rober\.m2\repository\org\mockito\mockito-core\5.17.0\mockito-core-5.17.0.jar;C:\Users\rober\.m2\repository\net\bytebuddy\byte-buddy-agent\1.17.5\byte-buddy-agent-1.17.5.jar;C:\Users\rober\.m2\repository\org\objenesis\objenesis\3.3\objenesis-3.3.jar;C:\Users\rober\.m2\repository\org\mockito\mockito-junit-jupiter\5.17.0\mockito-junit-jupiter-5.17.0.jar;C:\Users\rober\.m2\repository\org\skyscreamer\jsonassert\1.5.3\jsonassert-1.5.3.jar;C:\Users\rober\.m2\repository\com\vaadin\external\google\android-json\0.0.20131108.vaadin1\android-json-0.0.20131108.vaadin1.jar;C:\Users\rober\.m2\repository\org\springframework\spring-core\6.2.7\spring-core-6.2.7.jar;C:\Users\rober\.m2\repository\org\springframework\spring-jcl\6.2.7\spring-jcl-6.2.7.jar;C:\Users\rober\.m2\repository\org\springframework\spring-test\6.2.7\spring-test-6.2.7.jar;C:\Users\rober\.m2\repository\org\xmlunit\xmlunit-core\2.10.1\xmlunit-core-2.10.1.jar;C:\Users\rober\.m2\repository\io\projectreactor\reactor-test\3.7.6\reactor-test-3.7.6.jar;C:\Users\rober\.m2\repository\io\projectreactor\reactor-core\3.7.6\reactor-core-3.7.6.jar;C:\Users\rober\.m2\repository\org\reactivestreams\reactive-streams\1.0.4\reactive-streams-1.0.4.jar;"/>
    <property name="sun.cpu.endian" value="little"/>
    <property name="user.home" value="C:\Users\rober"/>
    <property name="user.language" value="en"/>
    <property name="java.specification.vendor" value="Oracle Corporation"/>
    <property name="java.version.date" value="2025-04-15"/>
    <property name="java.home" value="C:\Users\rober\AppData\Roaming\Windsurf\User\globalStorage\pleiades.java-extension-pack-jdk\java\21"/>
    <property name="file.separator" value="\"/>
    <property name="basedir" value="E:\Myggiz\Development\Windsurf\xkcd-fetcher"/>
    <property name="java.vm.compressedOopsMode" value="Zero based"/>
    <property name="line.separator" value="&#10;"/>
    <property name="java.vm.specification.vendor" value="Oracle Corporation"/>
    <property name="java.specification.name" value="Java Platform API Specification"/>
    <property name="surefire.real.class.path" value="C:\Users\rober\AppData\Local\Temp\surefire1095829919711300475\surefirebooter-20250603220914235_3.jar"/>
    <property name="user.script" value=""/>
    <property name="sun.management.compiler" value="HotSpot 64-Bit Tiered Compilers"/>
    <property name="java.runtime.version" value="21.0.7+6-LTS"/>
    <property name="user.name" value="rober"/>
    <property name="stdout.encoding" value="UTF-8"/>
    <property name="path.separator" value=";"/>
    <property name="os.version" value="10.0"/>
    <property name="java.runtime.name" value="OpenJDK Runtime Environment"/>
    <property name="file.encoding" value="UTF-8"/>
    <property name="java.vm.name" value="OpenJDK 64-Bit Server VM"/>
    <property name="java.vendor.version" value="Temurin-21.0.7+6"/>
    <property name="localRepository" value="C:\Users\rober\.m2\repository"/>
    <property name="java.vendor.url.bug" value="https://github.com/adoptium/adoptium-support/issues"/>
    <property name="java.io.tmpdir" value="C:\Users\rober\AppData\Local\Temp\"/>
    <property name="java.version" value="21.0.7"/>
    <property name="user.dir" value="E:\Myggiz\Development\Windsurf\xkcd-fetcher"/>
    <property name="os.arch" value="amd64"/>
    <property name="java.vm.specification.name" value="Java Virtual Machine Specification"/>
    <property name="sun.os.patch.level" value=""/>
    <property name="native.encoding" value="Cp1252"/>
    <property name="java.library.path" value="C:\Users\rober\AppData\Roaming\Windsurf\User\globalStorage\pleiades.java-extension-pack-jdk\java\21\bin;C:\WINDOWS\Sun\Java\bin;C:\WINDOWS\system32;C:\WINDOWS;C:\Users\rober\AppData\Roaming\Windsurf\User\globalStorage\pleiades.java-extension-pack-jdk\gradle\latest\bin;C:\Users\rober\AppData\Roaming\Windsurf\User\globalStorage\pleiades.java-extension-pack-jdk\maven\latest\bin;C:\Users\rober\AppData\Roaming\Windsurf\User\globalStorage\pleiades.java-extension-pack-jdk\java\21\bin;C:\Python313\Scripts\;C:\Python313\;C:\Program Files (x86)\Common Files\Oracle\Java\java8path;C:\Program Files (x86)\Common Files\Oracle\Java\javapath;C:\Program Files (x86)\Common Files\Intel\Shared Libraries\redist\intel64_win\compiler;C:\Program Files\Eclipse Adoptium\jdk-11.0.13.8-hotspot\bin;C:\Program Files\Eclipse Adoptium\jdk-17.0.1.12-hotspot\bin;C:\Program Files (x86)\Razer Chroma SDK\bin;C:\Program Files\Razer Chroma SDK\bin;C:\Program Files (x86)\Razer\ChromaBroadcast\bin;C:\Program Files\Razer\ChromaBroadcast\bin;c:\windows\system32;c:\windows;c:\windows\system32\wbem;c:\windows\system32\windowspowershell\v1.0\;c:\windows\system32\openssh\;C:\Program Files (x86)\NVIDIA Corporation\PhysX\Common;C:\Program Files\Amazon\SessionManagerPlugin\bin\;C:\Program Files\Amazon\AWSCLIV2\;C:\Windows\system32\config\systemprofile\AppData\Local\Microsoft\WindowsApps;C:\Program Files (x86)\Intel\Intel(R) Management Engine Components\DAL;C:\Program Files\Intel\Intel(R) Management Engine Components\DAL;C:\WINDOWS\system32;C:\WINDOWS;C:\WINDOWS\System32\Wbem;C:\WINDOWS\System32\WindowsPowerShell\v1.0\;C:\WINDOWS\System32\OpenSSH\;D:\Myggiz\Development\xampp8.2\php;C:\ProgramData\ComposerSetup\bin;C:\Program Files\Neovim\bin;C:\Program Files\ibm\gsk8\lib64;C:\Program Files (x86)\ibm\gsk8\lib;C:\Program Files\IDM Computer Solutions\UltraEdit;C:\Program Files\dotnet\;C:\Program Files\Go\bin;C:\Program Files\NVIDIA Corporation\NVIDIA app\NvDLISR;C:\Program Files\PuTTY\;C:\Program Files\Git\cmd;E:\Myggiz\Development\Java\jdk-24.0.1\bin;E:\Myggiz\Development\Java\jdk-17.0.2\bin;C:\Program Files\nodejs\;C:\ProgramData\chocolatey\bin;C:\Program Files\Docker\Docker\resources\bin;C:\Program Files\PowerShell\7\;E:\Myggiz\Development\Java\jdk-24.0.1\bin;C:\Python313\Scripts\;C:\Python313\;C:\Program Files (x86)\Common Files\Oracle\Java\java8path;C:\Program Files (x86)\Common Files\Oracle\Java\javapath;C:\Program Files (x86)\Common Files\Intel\Shared Libraries\redist\intel64_win\compiler;C:\Program Files\Eclipse Adoptium\jdk-11.0.13.8-hotspot\bin;C:\Program Files\Eclipse Adoptium\jdk-17.0.1.12-hotspot\bin;C:\Program Files (x86)\Razer Chroma SDK\bin;C:\Program Files\Razer Chroma SDK\bin;C:\Program Files (x86)\Razer\ChromaBroadcast\bin;C:\Program Files\Razer\ChromaBroadcast\bin;c:\windows\system32;c:\windows;c:\windows\system32\wbem;c:\windows\system32\windowspowershell\v1.0\;c:\windows\system32\openssh\;C:\Program Files (x86)\NVIDIA Corporation\PhysX\Common;C:\Program Files\Amazon\SessionManagerPlugin\bin\;C:\Program Files\Amazon\AWSCLIV2\;C:\Windows\system32\config\systemprofile\AppData\Local\Microsoft\WindowsApps;C:\Program Files (x86)\Intel\Intel(R) Management Engine Components\DAL;C:\Program Files\Intel\Intel(R) Management Engine Components\DAL;C:\WINDOWS\system32;C:\WINDOWS;C:\WINDOWS\System32\Wbem;C:\WINDOWS\System32\WindowsPowerShell\v1.0\;C:\WINDOWS\System32\OpenSSH\;D:\Myggiz\Development\xampp8.2\php;C:\ProgramData\ComposerSetup\bin;C:\Program Files\Neovim\bin;C:\Program Files\ibm\gsk8\lib64;C:\Program Files (x86)\ibm\gsk8\lib;C:\Program Files\IDM Computer Solutions\UltraEdit;C:\Program Files\dotnet\;C:\Program Files\Go\bin;C:\Program Files\NVIDIA Corporation\NVIDIA app\NvDLISR;C:\Program Files\PuTTY\;C:\Program Files\Git\cmd;E:\Myggiz\Development\Java\jdk-24.0.1\bin;E:\Myggiz\Development\Java\jdk-17.0.2\bin;C:\Program Files\nodejs\;C:\ProgramData\chocolatey\bin;C:\Program Files\Docker\Docker\resources\bin;C:\Program Files\PowerShell\7\;D:\Myggiz\Program\Windsurf\bin;C:\Users\rober\AppData\Roaming\npm;D:\Myggiz\Program\JetBrains\Toolbox\scripts;D:\Program Files (x86)\Microsoft VS Code\bin;E:\xampp\php\;D:\Myggiz\Development\cursor\resources\app\bin;C:\Users\rober\AppData\Local\GitHubDesktop\bin;."/>
    <property name="java.vm.info" value="mixed mode, sharing"/>
    <property name="stderr.encoding" value="UTF-8"/>
    <property name="java.vendor" value="Eclipse Adoptium"/>
    <property name="java.vm.version" value="21.0.7+6-LTS"/>
    <property name="sun.io.unicode.encoding" value="UnicodeLittle"/>
    <property name="java.class.version" value="65.0"/>
  </properties>
  <testcase name="testGetLatestComic" classname="com.example.xkcdfetcher.XkcdControllerTest" time="2.468">
    <system-err><![CDATA[Mockito is currently self-attaching to enable the inline-mock-maker. This will no longer work in future releases of the JDK. Please add Mockito as an agent to your build as described in Mockito's documentation: https://javadoc.io/doc/org.mockito/mockito-core/latest/org.mockito/org/mockito/Mockito.html#0.3
WARNING: A Java agent has been loaded dynamically (C:\Users\rober\.m2\repository\net\bytebuddy\byte-buddy-agent\1.17.5\byte-buddy-agent-1.17.5.jar)
WARNING: If a serviceability tool is in use, please run with -XX:+EnableDynamicAgentLoading to hide this warning
WARNING: If a serviceability tool is not in use, please run with -Djdk.instrument.traceUsage for more information
WARNING: Dynamic loading of agents will be disallowed by default in a future release
]]></system-err>
  </testcase>
</testsuite>